<?xml version="1.0" encoding="UTF-8"?>
<!-- Generated by org.testng.reporters.JUnitXMLReporter -->
<testsuite ignored="0" hostname="IN-B1BN2J3" failures="1" tests="2" name="Test" time="51.97" errors="0" timestamp="2023-04-13T12:09:50 IST">
  <testcase classname="insuranceCalculation_Motorcucle.ErrorTests_motorcycle" name="errorMessage_PayLoadField" time="2.123"/>
  <testcase classname="insuranceCalculation_Motorcucle.ErrorTests_motorcycle" name="errorMessage_PayLoadField1" time="4.13">
    <failure type="java.lang.AssertionError" message="Error Message is not expected on cylinder capacity field expected [Must be a number between 1 and 3000] but found [Must be a number between 1 and 2000]">
      <![CDATA[java.lang.AssertionError: Error Message is not expected on cylinder capacity field expected [Must be a number between 1 and 3000] but found [Must be a number between 1 and 2000]
at insuranceCalculation_Motorcucle.ErrorTests_motorcycle.errorMessage_PayLoadField1(ErrorTests_motorcycle.java:36)
at java.base/java.util.ArrayList.forEach(ArrayList.java:1540)
... Removed 32 stack frames]]>
    </failure>
  </testcase> <!-- errorMessage_PayLoadField1 -->
</testsuite> <!-- Test -->
